Arguments: 
  C:\Program Files\nodejs\node.exe C:\Users\Dell\AppData\Roaming\npm\node_modules\yarn\bin\yarn.js start

PATH: 
  C:\Python311\Scripts\;C:\Python311\;C:\Windows\system32;C:\Windows;C:\Windows\System32\Wbem;C:\Windows\System32\WindowsPowerShell\v1.0\;C:\Windows\System32\OpenSSH\;C:\Program Files\dotnet\;C:\Program Files (x86)\Intel\Intel(R) Management Engine Components\DAL;C:\Program Files\Intel\Intel(R) Management Engine Components\DAL;C:\Program Files\nodejs\;C:\ProgramData\chocolatey\bin;C:\Program Files\Git\cmd;C:\Users\Dell\AppData\Local\Microsoft\WindowsApps;C:\Users\Dell\AppData\Local\Programs\Microsoft VS Code\bin;C:\Users\Dell\AppData\Roaming\npm;C:\Users\Dell\AppData\Local\GitHubDesktop\bin

Yarn version: 
  1.22.19

Node version: 
  18.12.1

Platform: 
  win32 x64

Trace: 
  SyntaxError: C:\Users\Dell\OneDrive\Desktop\dynamic_web\package.json: Unexpected token / in JSON at position 92
      at JSON.parse (<anonymous>)
      at C:\Users\Dell\AppData\Roaming\npm\node_modules\yarn\lib\cli.js:1629:59
      at Generator.next (<anonymous>)
      at step (C:\Users\Dell\AppData\Roaming\npm\node_modules\yarn\lib\cli.js:310:30)
      at C:\Users\Dell\AppData\Roaming\npm\node_modules\yarn\lib\cli.js:321:13

npm manifest: 
  {
    "name": "dynamic_web",
    "version": "1.0.0",
    "description": "",
    "main": "app.js",
    // "type": "module",
    "scripts": {
      "test": "echo \"Error: no test specified\" && exit 1",
      "start": "nodemon src/app.js -e js,hbs"
    },
    "author": "",
    "license": "ISC",
    "dependencies": {
      "body-parser": "^1.20.1",
      "express": "^4.18.2",
      "hbs": "^4.2.0",
      "mongoose": "^6.9.0"
    }
  }

yarn manifest: 
  No manifest

Lockfile: 
  No lockfile
